[ 2016-08-23T14:43:31+08:00 ] ::1 /LG_ThinkPHP/Application/Public/js/Layout/img/main.png
INFO: [ app_init ] --START--
INFO: Run Behavior\BuildLiteBehavior [ RunTime:0.000012s ]
INFO: [ app_init ] --END-- [ RunTime:0.000349s ]
ERR: 无法加载模块:Application

[ 2016-08-23T14:46:59+08:00 ] ::1 /LG_ThinkPHP/Application/Public/js/Layout/img/main.png
INFO: [ app_init ] --START--
INFO: Run Behavior\BuildLiteBehavior [ RunTime:0.000013s ]
INFO: [ app_init ] --END-- [ RunTime:0.000382s ]
ERR: 无法加载模块:Application

[ 2016-08-23T14:50:43+08:00 ] ::1 /LG_ThinkPHP/Application/Public/js/Layout/img/main.png
INFO: [ app_init ] --START--
INFO: Run Behavior\BuildLiteBehavior [ RunTime:0.000013s ]
INFO: [ app_init ] --END-- [ RunTime:0.000389s ]
ERR: 无法加载模块:Application

[ 2016-08-23T14:51:31+08:00 ] ::1 /LG_ThinkPHP/Application/Public/js/Layout/img/main.png
INFO: [ app_init ] --START--
INFO: Run Behavior\BuildLiteBehavior [ RunTime:0.000013s ]
INFO: [ app_init ] --END-- [ RunTime:0.000451s ]
ERR: 无法加载模块:Application

