[ 2016-08-24T10:48:37+08:00 ] ::1 /LG_ThinkPHP/Application/Public/js/Layout/img/main.png
INFO: [ app_init ] --START--
INFO: Run Behavior\BuildLiteBehavior [ RunTime:0.000012s ]
INFO: [ app_init ] --END-- [ RunTime:0.000293s ]
ERR: 无法加载模块:Application

[ 2016-08-24T10:48:40+08:00 ] ::1 /LG_ThinkPHP/Application/Public/js/Layout/img/main.png
INFO: [ app_init ] --START--
INFO: Run Behavior\BuildLiteBehavior [ RunTime:0.000010s ]
INFO: [ app_init ] --END-- [ RunTime:0.000306s ]
ERR: 无法加载模块:Application

[ 2016-08-24T10:49:43+08:00 ] ::1 /LG_ThinkPHP/index.js.map
INFO: [ app_init ] --START--
INFO: Run Behavior\BuildLiteBehavior [ RunTime:0.000016s ]
INFO: [ app_init ] --END-- [ RunTime:0.000395s ]
ERR: 无法加载模块:Index.js

[ 2016-08-24T10:52:54+08:00 ] ::1 /LG_ThinkPHP/index.js.map
INFO: [ app_init ] --START--
INFO: Run Behavior\BuildLiteBehavior [ RunTime:0.000013s ]
INFO: [ app_init ] --END-- [ RunTime:0.000306s ]
ERR: 无法加载模块:Index.js

[ 2016-08-24T10:53:10+08:00 ] ::1 /LG_ThinkPHP/index.js.map
INFO: [ app_init ] --START--
INFO: Run Behavior\BuildLiteBehavior [ RunTime:0.000008s ]
INFO: [ app_init ] --END-- [ RunTime:0.000212s ]
ERR: 无法加载模块:Index.js

[ 2016-08-24T10:55:23+08:00 ] ::1 /LG_ThinkPHP/index.js.map
INFO: [ app_init ] --START--
INFO: Run Behavior\BuildLiteBehavior [ RunTime:0.000008s ]
INFO: [ app_init ] --END-- [ RunTime:0.000228s ]
ERR: 无法加载模块:Index.js

[ 2016-08-24T10:55:49+08:00 ] ::1 /LG_ThinkPHP/index.js.map
INFO: [ app_init ] --START--
INFO: Run Behavior\BuildLiteBehavior [ RunTime:0.000008s ]
INFO: [ app_init ] --END-- [ RunTime:0.000216s ]
ERR: 无法加载模块:Index.js

[ 2016-08-24T10:56:30+08:00 ] ::1 /LG_ThinkPHP/index.js.map
INFO: [ app_init ] --START--
INFO: Run Behavior\BuildLiteBehavior [ RunTime:0.000010s ]
INFO: [ app_init ] --END-- [ RunTime:0.000317s ]
ERR: 无法加载模块:Index.js

[ 2016-08-24T10:58:41+08:00 ] ::1 /LG_ThinkPHP/index.js.map
INFO: [ app_init ] --START--
INFO: Run Behavior\BuildLiteBehavior [ RunTime:0.000008s ]
INFO: [ app_init ] --END-- [ RunTime:0.000259s ]
ERR: 无法加载模块:Index.js

[ 2016-08-24T10:59:25+08:00 ] ::1 /LG_ThinkPHP/index.js.map
INFO: [ app_init ] --START--
INFO: Run Behavior\BuildLiteBehavior [ RunTime:0.000018s ]
INFO: [ app_init ] --END-- [ RunTime:0.000506s ]
ERR: 无法加载模块:Index.js

[ 2016-08-24T11:00:10+08:00 ] ::1 /LG_ThinkPHP/index.js.map
INFO: [ app_init ] --START--
INFO: Run Behavior\BuildLiteBehavior [ RunTime:0.000008s ]
INFO: [ app_init ] --END-- [ RunTime:0.000209s ]
ERR: 无法加载模块:Index.js

[ 2016-08-24T11:01:05+08:00 ] ::1 /LG_ThinkPHP/index.js.map
INFO: [ app_init ] --START--
INFO: Run Behavior\BuildLiteBehavior [ RunTime:0.000008s ]
INFO: [ app_init ] --END-- [ RunTime:0.000227s ]
ERR: 无法加载模块:Index.js

[ 2016-08-24T11:05:18+08:00 ] ::1 /LG_ThinkPHP/index.js.map
INFO: [ app_init ] --START--
INFO: Run Behavior\BuildLiteBehavior [ RunTime:0.000008s ]
INFO: [ app_init ] --END-- [ RunTime:0.000232s ]
ERR: 无法加载模块:Index.js

[ 2016-08-24T11:05:42+08:00 ] ::1 /LG_ThinkPHP/index.js.map
INFO: [ app_init ] --START--
INFO: Run Behavior\BuildLiteBehavior [ RunTime:0.000009s ]
INFO: [ app_init ] --END-- [ RunTime:0.000258s ]
ERR: 无法加载模块:Index.js

[ 2016-08-24T11:06:24+08:00 ] ::1 /LG_ThinkPHP/index.js.map
INFO: [ app_init ] --START--
INFO: Run Behavior\BuildLiteBehavior [ RunTime:0.000008s ]
INFO: [ app_init ] --END-- [ RunTime:0.000221s ]
ERR: 无法加载模块:Index.js

[ 2016-08-24T11:06:30+08:00 ] ::1 /LG_ThinkPHP/index.js.map
INFO: [ app_init ] --START--
INFO: Run Behavior\BuildLiteBehavior [ RunTime:0.000009s ]
INFO: [ app_init ] --END-- [ RunTime:0.000235s ]
ERR: 无法加载模块:Index.js

[ 2016-08-24T11:06:53+08:00 ] ::1 /LG_ThinkPHP/index.js.map
INFO: [ app_init ] --START--
INFO: Run Behavior\BuildLiteBehavior [ RunTime:0.000008s ]
INFO: [ app_init ] --END-- [ RunTime:0.000207s ]
ERR: 无法加载模块:Index.js

[ 2016-08-24T11:08:40+08:00 ] ::1 /LG_ThinkPHP/index.js.map
INFO: [ app_init ] --START--
INFO: Run Behavior\BuildLiteBehavior [ RunTime:0.000010s ]
INFO: [ app_init ] --END-- [ RunTime:0.000269s ]
ERR: 无法加载模块:Index.js

[ 2016-08-24T11:08:50+08:00 ] ::1 /LG_ThinkPHP/index.js.map
INFO: [ app_init ] --START--
INFO: Run Behavior\BuildLiteBehavior [ RunTime:0.000012s ]
INFO: [ app_init ] --END-- [ RunTime:0.000290s ]
ERR: 无法加载模块:Index.js

[ 2016-08-24T11:09:05+08:00 ] ::1 /LG_ThinkPHP/index.js.map
INFO: [ app_init ] --START--
INFO: Run Behavior\BuildLiteBehavior [ RunTime:0.000007s ]
INFO: [ app_init ] --END-- [ RunTime:0.000207s ]
ERR: 无法加载模块:Index.js

[ 2016-08-24T11:09:34+08:00 ] ::1 /LG_ThinkPHP/index.js.map
INFO: [ app_init ] --START--
INFO: Run Behavior\BuildLiteBehavior [ RunTime:0.000008s ]
INFO: [ app_init ] --END-- [ RunTime:0.000217s ]
ERR: 无法加载模块:Index.js

[ 2016-08-24T11:09:42+08:00 ] ::1 /LG_ThinkPHP/index.js.map
INFO: [ app_init ] --START--
INFO: Run Behavior\BuildLiteBehavior [ RunTime:0.000023s ]
INFO: [ app_init ] --END-- [ RunTime:0.000458s ]
ERR: 无法加载模块:Index.js

[ 2016-08-24T11:10:21+08:00 ] ::1 /LG_ThinkPHP/index.js.map
INFO: [ app_init ] --START--
INFO: Run Behavior\BuildLiteBehavior [ RunTime:0.000008s ]
INFO: [ app_init ] --END-- [ RunTime:0.000205s ]
ERR: 无法加载模块:Index.js

[ 2016-08-24T11:12:02+08:00 ] ::1 /LG_ThinkPHP/index.js.map
INFO: [ app_init ] --START--
INFO: Run Behavior\BuildLiteBehavior [ RunTime:0.000009s ]
INFO: [ app_init ] --END-- [ RunTime:0.000265s ]
ERR: 无法加载模块:Index.js

[ 2016-08-24T11:12:14+08:00 ] ::1 /LG_ThinkPHP/index.js.map
INFO: [ app_init ] --START--
INFO: Run Behavior\BuildLiteBehavior [ RunTime:0.000009s ]
INFO: [ app_init ] --END-- [ RunTime:0.000232s ]
ERR: 无法加载模块:Index.js

[ 2016-08-24T11:13:35+08:00 ] ::1 /LG_ThinkPHP/index.js.map
INFO: [ app_init ] --START--
INFO: Run Behavior\BuildLiteBehavior [ RunTime:0.000008s ]
INFO: [ app_init ] --END-- [ RunTime:0.000232s ]
ERR: 无法加载模块:Index.js

[ 2016-08-24T11:14:59+08:00 ] ::1 /LG_ThinkPHP/index.js.map
INFO: [ app_init ] --START--
INFO: Run Behavior\BuildLiteBehavior [ RunTime:0.000008s ]
INFO: [ app_init ] --END-- [ RunTime:0.000218s ]
ERR: 无法加载模块:Index.js

[ 2016-08-24T11:15:59+08:00 ] ::1 /LG_ThinkPHP/index.js.map
INFO: [ app_init ] --START--
INFO: Run Behavior\BuildLiteBehavior [ RunTime:0.000008s ]
INFO: [ app_init ] --END-- [ RunTime:0.000247s ]
ERR: 无法加载模块:Index.js

[ 2016-08-24T11:16:18+08:00 ] ::1 /LG_ThinkPHP/index.js.map
INFO: [ app_init ] --START--
INFO: Run Behavior\BuildLiteBehavior [ RunTime:0.000008s ]
INFO: [ app_init ] --END-- [ RunTime:0.000207s ]
ERR: 无法加载模块:Index.js

[ 2016-08-24T11:17:21+08:00 ] ::1 /LG_ThinkPHP/index.js.map
INFO: [ app_init ] --START--
INFO: Run Behavior\BuildLiteBehavior [ RunTime:0.000007s ]
INFO: [ app_init ] --END-- [ RunTime:0.000208s ]
ERR: 无法加载模块:Index.js

[ 2016-08-24T11:17:35+08:00 ] ::1 /LG_ThinkPHP/index.js.map
INFO: [ app_init ] --START--
INFO: Run Behavior\BuildLiteBehavior [ RunTime:0.000007s ]
INFO: [ app_init ] --END-- [ RunTime:0.000212s ]
ERR: 无法加载模块:Index.js

[ 2016-08-24T11:18:18+08:00 ] ::1 /LG_ThinkPHP/index.js.map
INFO: [ app_init ] --START--
INFO: Run Behavior\BuildLiteBehavior [ RunTime:0.000011s ]
INFO: [ app_init ] --END-- [ RunTime:0.000274s ]
ERR: 无法加载模块:Index.js

[ 2016-08-24T11:18:27+08:00 ] ::1 /LG_ThinkPHP/index.js.map
INFO: [ app_init ] --START--
INFO: Run Behavior\BuildLiteBehavior [ RunTime:0.000008s ]
INFO: [ app_init ] --END-- [ RunTime:0.000213s ]
ERR: 无法加载模块:Index.js

[ 2016-08-24T11:19:33+08:00 ] ::1 /LG_ThinkPHP/index.js.map
INFO: [ app_init ] --START--
INFO: Run Behavior\BuildLiteBehavior [ RunTime:0.000007s ]
INFO: [ app_init ] --END-- [ RunTime:0.000207s ]
ERR: 无法加载模块:Index.js

[ 2016-08-24T11:21:18+08:00 ] ::1 /LG_ThinkPHP/index.js.map
INFO: [ app_init ] --START--
INFO: Run Behavior\BuildLiteBehavior [ RunTime:0.000011s ]
INFO: [ app_init ] --END-- [ RunTime:0.000284s ]
ERR: 无法加载模块:Index.js

[ 2016-08-24T11:21:32+08:00 ] ::1 /LG_ThinkPHP/index.js.map
INFO: [ app_init ] --START--
INFO: Run Behavior\BuildLiteBehavior [ RunTime:0.000008s ]
INFO: [ app_init ] --END-- [ RunTime:0.000208s ]
ERR: 无法加载模块:Index.js

[ 2016-08-24T11:21:44+08:00 ] ::1 /LG_ThinkPHP/index.js.map
INFO: [ app_init ] --START--
INFO: Run Behavior\BuildLiteBehavior [ RunTime:0.000008s ]
INFO: [ app_init ] --END-- [ RunTime:0.000219s ]
ERR: 无法加载模块:Index.js

